<?xml version="1.0" encoding="UTF-8"?>
<!-- Generated by org.testng.reporters.JUnitXMLReporter -->
<testsuite ignored="0" hostname="mypc" failures="0" tests="6" name="Default test" time="5.909" errors="0" timestamp="2024-03-13T09:45:23 EDT">
  <testcase classname="GetApiTest" name="test1" time="3.687"/>
  <testcase classname="GetApiTest" name="postData" time="0.638"/>
  <testcase classname="GetApiTest" name="putRequest" time="0.31"/>
  <testcase classname="GetApiTest" name="patchRequest" time="0.23"/>
  <testcase classname="GetApiTest" name="deleteRequest" time="0.282"/>
  <testcase classname="GetApiTest" name="PostDataUsingPojo" time="0.65"/>
</testsuite> <!-- Default test -->
