<?xml version="1.0" encoding="UTF-8"?>
<!-- Generated by org.testng.reporters.JUnitXMLReporter -->
<testsuite ignored="0" hostname="mypc" failures="0" tests="6" name="Test 1" time="5.879" errors="0" timestamp="2024-03-13T09:57:50 EDT">
  <testcase classname="GetApiTest" name="test1" time="3.665"/>
  <testcase classname="GetApiTest" name="postData" time="0.734"/>
  <testcase classname="GetApiTest" name="putRequest" time="0.352"/>
  <testcase classname="GetApiTest" name="patchRequest" time="0.204"/>
  <testcase classname="GetApiTest" name="deleteRequest" time="0.226"/>
  <testcase classname="GetApiTest" name="PostDataUsingPojo" time="0.617"/>
</testsuite> <!-- Test 1 -->
