<?xml version="1.0" encoding="UTF-8"?>
<testng-results ignored="0" total="6" passed="6" failed="0" skipped="0">
  <reporter-output>
  </reporter-output>
  <suite started-at="2024-03-13T09:57:45 EDT" name="RestAssuredPrac suite" finished-at="2024-03-13T09:57:50 EDT" duration-ms="5879">
    <groups>
    </groups>
    <test started-at="2024-03-13T09:57:45 EDT" name="Test 1" finished-at="2024-03-13T09:57:50 EDT" duration-ms="5879">
      <class name="GetApiTest">
        <test-method signature="test1()[pri:0, instance:GetApiTest@3c77d488]" started-at="2024-03-13T09:57:45 EDT" name="test1" finished-at="2024-03-13T09:57:48 EDT" duration-ms="3665" status="PASS">
          <reporter-output>
          </reporter-output>
        </test-method> <!-- test1 -->
        <test-method signature="postData()[pri:1, instance:GetApiTest@3c77d488]" started-at="2024-03-13T09:57:48 EDT" name="postData" finished-at="2024-03-13T09:57:49 EDT" duration-ms="734" status="PASS">
          <reporter-output>
          </reporter-output>
        </test-method> <!-- postData -->
        <test-method signature="putRequest()[pri:2, instance:GetApiTest@3c77d488]" started-at="2024-03-13T09:57:49 EDT" name="putRequest" finished-at="2024-03-13T09:57:49 EDT" duration-ms="352" status="PASS">
          <reporter-output>
          </reporter-output>
        </test-method> <!-- putRequest -->
        <test-method signature="patchRequest()[pri:3, instance:GetApiTest@3c77d488]" started-at="2024-03-13T09:57:49 EDT" name="patchRequest" finished-at="2024-03-13T09:57:50 EDT" duration-ms="204" status="PASS">
          <reporter-output>
          </reporter-output>
        </test-method> <!-- patchRequest -->
        <test-method signature="deleteRequest()[pri:4, instance:GetApiTest@3c77d488]" started-at="2024-03-13T09:57:50 EDT" name="deleteRequest" finished-at="2024-03-13T09:57:50 EDT" duration-ms="226" status="PASS">
          <reporter-output>
          </reporter-output>
        </test-method> <!-- deleteRequest -->
        <test-method signature="PostDataUsingPojo()[pri:5, instance:GetApiTest@3c77d488]" started-at="2024-03-13T09:57:50 EDT" name="PostDataUsingPojo" finished-at="2024-03-13T09:57:50 EDT" duration-ms="617" status="PASS">
          <reporter-output>
          </reporter-output>
        </test-method> <!-- PostDataUsingPojo -->
      </class> <!-- GetApiTest -->
    </test> <!-- Test 1 -->
  </suite> <!-- RestAssuredPrac suite -->
</testng-results>
